[2022-05-30T20:06:40.491] [INFO] infoFile - Connected to DB!
[2022-05-30T20:09:27.349] [INFO] infoFile - User registration successful!
[2022-05-30T20:09:29.663] [INFO] infoFile - {
  accepted: [ 'atonomo.4s@gmail.com' ],
  rejected: [],
  envelopeTime: 777,
  messageTime: 728,
  messageSize: 948,
  response: '250 2.0.0 OK  1653952171 ov16-20020a056870cb9000b000f33ced2c50sm1582503oab.56 - gsmtp',
  envelope: { from: '', to: [ 'atonomo.4s@gmail.com' ] },
  messageId: '<24b0ab0d-2b08-5cc7-c116-28fb69f1c621@GrandPC>'
}
[2022-05-30T20:14:46.413] [INFO] infoFile - User logued out!
[2022-06-21T20:18:02.881] [INFO] infoFile - Connected to DB!
[2022-06-21T20:19:18.092] [INFO] infoFile - User registration successful!
[2022-06-21T20:19:21.743] [INFO] infoFile - {
  accepted: [ 'atonomo.4s@gmail.com' ],
  rejected: [],
  envelopeTime: 904,
  messageTime: 1327,
  messageSize: 947,
  response: '250 2.0.0 OK  1655853562 z4-20020a4ac204000000b0041c1e1c5652sm10559275oop.47 - gsmtp',
  envelope: { from: '', to: [ 'atonomo.4s@gmail.com' ] },
  messageId: '<28484be9-f7fa-4e39-8f58-5bdb0761c999@GrandPC>'
}
[2022-06-21T20:20:59.374] [INFO] infoFile - Connected to DB!
[2022-06-21T20:22:15.642] [INFO] infoFile - Connected to DB!
[2022-06-21T20:24:59.136] [INFO] infoFile - Connected to DB!
[2022-06-21T20:25:12.656] [INFO] infoFile - Connected to DB!
[2022-06-21T20:26:26.026] [INFO] infoFile - Connected to DB!
[2022-06-21T20:26:39.841] [INFO] infoFile - Connected to DB!
[2022-06-21T20:28:02.081] [INFO] infoFile - Connected to DB!
[2022-06-21T20:29:21.269] [INFO] infoFile - Connected to DB!
[2022-06-21T20:29:31.528] [INFO] infoFile - Connected to DB!
[2022-06-21T20:30:09.695] [INFO] infoFile - Connected to DB!
[2022-06-21T20:30:20.460] [INFO] infoFile - Connected to DB!
[2022-06-21T20:30:28.935] [INFO] infoFile - Connected to DB!
[2022-06-21T20:34:02.365] [INFO] infoFile - Connected to DB!
[2022-06-21T20:34:20.184] [INFO] infoFile - Connected to DB!
[2022-06-21T20:34:37.254] [INFO] infoFile - Connected to DB!
[2022-06-21T20:34:50.990] [INFO] infoFile - Connected to DB!
[2022-06-21T20:35:19.784] [INFO] infoFile - Connected to DB!
[2022-06-21T20:35:22.721] [INFO] infoFile - Connected to DB!
[2022-06-21T20:35:37.676] [INFO] infoFile - Connected to DB!
[2022-06-21T20:36:42.163] [INFO] infoFile - Connected to DB!
[2022-06-21T20:40:43.498] [INFO] infoFile - Connected to DB!
[2022-06-21T20:40:53.638] [INFO] infoFile - Connected to DB!
[2022-06-21T20:44:56.271] [INFO] infoFile - Connected to DB!
[2022-06-21T20:45:41.113] [INFO] infoFile - Connected to DB!
[2022-06-21T20:46:25.111] [INFO] infoFile - Connected to DB!
[2022-06-21T20:46:34.325] [INFO] infoFile - Connected to DB!
[2022-06-21T20:46:43.787] [INFO] infoFile - Connected to DB!
[2022-06-21T20:46:49.312] [INFO] infoFile - Connected to DB!
[2022-06-21T20:46:56.067] [INFO] infoFile - Connected to DB!
[2022-06-21T20:49:48.336] [INFO] infoFile - Connected to DB!
[2022-06-21T20:50:08.956] [INFO] infoFile - Connected to DB!
[2022-06-21T20:50:52.760] [INFO] infoFile - Connected to DB!
[2022-06-21T20:51:04.138] [INFO] infoFile - Connected to DB!
[2022-06-21T20:51:15.908] [INFO] infoFile - Connected to DB!
[2022-06-21T20:51:27.461] [INFO] infoFile - Connected to DB!
[2022-06-21T20:53:41.391] [INFO] infoFile - Connected to DB!
[2022-06-21T20:53:56.969] [INFO] infoFile - Connected to DB!
[2022-06-21T20:54:59.837] [INFO] infoFile - Connected to DB!
[2022-06-21T20:56:01.483] [INFO] infoFile - Connected to DB!
[2022-06-21T20:57:55.247] [INFO] infoFile - Connected to DB!
[2022-06-21T20:58:53.282] [INFO] infoFile - Connected to DB!
[2022-06-21T20:59:42.883] [INFO] infoFile - Connected to DB!
[2022-06-21T21:00:11.891] [INFO] infoFile - Connected to DB!
[2022-06-21T21:00:39.247] [INFO] infoFile - Connected to DB!
[2022-06-21T21:02:14.766] [INFO] infoFile - Connected to DB!
[2022-06-21T21:02:19.650] [INFO] infoFile - Connected to DB!
[2022-06-21T21:03:11.640] [INFO] infoFile - Connected to DB!
[2022-06-21T21:03:17.975] [INFO] infoFile - Connected to DB!
[2022-06-21T21:05:28.148] [INFO] infoFile - Connected to DB!
[2022-06-21T21:05:31.358] [INFO] infoFile - Connected to DB!
[2022-06-21T21:05:41.532] [INFO] infoFile - Connected to DB!
[2022-06-21T21:05:52.524] [INFO] infoFile - Connected to DB!
[2022-06-21T21:05:59.277] [INFO] infoFile - Connected to DB!
[2022-06-21T21:06:15.469] [INFO] infoFile - Connected to DB!
[2022-06-21T21:07:21.617] [INFO] infoFile - Connected to DB!
[2022-06-21T21:07:28.821] [INFO] infoFile - Connected to DB!
[2022-06-21T21:08:58.281] [INFO] infoFile - Connected to DB!
[2022-06-21T21:09:07.315] [INFO] infoFile - Connected to DB!
[2022-06-21T21:09:25.310] [INFO] infoFile - Connected to DB!
[2022-06-21T21:10:28.101] [INFO] infoFile - Connected to DB!
[2022-06-21T21:10:32.470] [INFO] infoFile - Connected to DB!
[2022-06-21T21:12:05.190] [INFO] infoFile - Connected to DB!
[2022-06-21T21:12:10.946] [INFO] infoFile - Connected to DB!
[2022-06-21T21:12:38.426] [INFO] infoFile - Connected to DB!
[2022-06-21T21:12:44.614] [INFO] infoFile - Connected to DB!
[2022-06-21T21:12:52.165] [INFO] infoFile - Connected to DB!
[2022-06-21T21:15:00.134] [INFO] infoFile - Connected to DB!
[2022-06-21T21:15:49.286] [INFO] infoFile - Connected to DB!
[2022-06-21T21:15:58.434] [INFO] infoFile - Connected to DB!
[2022-06-21T21:16:13.903] [INFO] infoFile - Connected to DB!
[2022-06-21T21:16:38.487] [INFO] infoFile - Connected to DB!
[2022-06-21T21:17:00.727] [INFO] infoFile - Connected to DB!
[2022-06-21T21:18:14.257] [INFO] infoFile - Connected to DB!
[2022-06-21T21:18:38.455] [INFO] infoFile - Connected to DB!
[2022-06-21T21:20:41.036] [INFO] infoFile - Connected to DB!
[2022-06-21T21:21:02.065] [INFO] infoFile - Connected to DB!
[2022-06-21T21:22:53.962] [INFO] infoFile - Connected to DB!
[2022-06-21T21:23:12.300] [INFO] infoFile - Connected to DB!
[2022-06-21T21:23:42.030] [INFO] infoFile - Connected to DB!
[2022-06-21T21:24:00.345] [INFO] infoFile - Connected to DB!
[2022-06-21T21:24:14.621] [INFO] infoFile - Connected to DB!
[2022-06-21T21:24:34.115] [INFO] infoFile - Connected to DB!
[2022-06-21T21:24:41.720] [INFO] infoFile - Connected to DB!
[2022-06-21T21:25:07.392] [INFO] infoFile - Connected to DB!
[2022-06-21T21:26:35.955] [INFO] infoFile - Connected to DB!
[2022-06-21T21:27:56.497] [INFO] infoFile - Connected to DB!
[2022-06-21T21:28:10.051] [INFO] infoFile - Connected to DB!
[2022-06-21T21:28:25.879] [INFO] infoFile - Connected to DB!
[2022-06-21T21:30:09.247] [INFO] infoFile - Connected to DB!
[2022-06-21T21:31:11.573] [INFO] infoFile - Connected to DB!
[2022-06-21T21:32:43.488] [INFO] infoFile - Connected to DB!
[2022-06-21T21:33:34.346] [INFO] infoFile - Connected to DB!
[2022-06-21T21:33:49.530] [INFO] infoFile - Connected to DB!
[2022-06-21T21:34:47.140] [INFO] infoFile - Connected to DB!
[2022-06-21T21:35:07.204] [INFO] infoFile - Connected to DB!
[2022-06-21T21:35:24.741] [INFO] infoFile - Connected to DB!
[2022-06-21T21:35:46.995] [INFO] infoFile - Connected to DB!
[2022-06-21T21:36:39.200] [INFO] infoFile - Connected to DB!
[2022-06-21T21:38:22.938] [INFO] infoFile - Connected to DB!
[2022-06-21T21:38:44.681] [INFO] infoFile - Connected to DB!
[2022-06-21T21:39:19.603] [INFO] infoFile - Connected to DB!
[2022-06-21T21:40:03.253] [INFO] infoFile - Connected to DB!
[2022-06-21T21:41:03.312] [INFO] infoFile - Connected to DB!
[2022-06-21T21:41:08.502] [INFO] infoFile - Connected to DB!
[2022-06-21T21:41:38.883] [INFO] infoFile - Connected to DB!
[2022-06-21T21:41:54.309] [INFO] infoFile - Connected to DB!
[2022-06-21T21:43:10.338] [INFO] infoFile - Connected to DB!
[2022-06-21T21:44:57.224] [INFO] infoFile - Connected to DB!
[2022-06-21T21:45:24.760] [INFO] infoFile - Connected to DB!
[2022-06-21T21:46:07.481] [INFO] infoFile - Connected to DB!
[2022-06-21T21:46:39.191] [INFO] infoFile - Connected to DB!
[2022-06-21T21:47:32.840] [INFO] infoFile - Connected to DB!
[2022-06-21T21:47:39.766] [INFO] infoFile - Connected to DB!
[2022-06-21T21:48:30.860] [INFO] infoFile - Connected to DB!
[2022-06-21T21:48:43.544] [INFO] infoFile - Connected to DB!
[2022-06-21T21:48:45.883] [INFO] infoFile - Connected to DB!
[2022-06-21T21:49:03.489] [INFO] infoFile - Connected to DB!
[2022-06-21T21:49:41.420] [INFO] infoFile - Connected to DB!
[2022-06-21T21:50:19.531] [INFO] infoFile - Connected to DB!
[2022-06-21T21:50:34.935] [INFO] infoFile - Connected to DB!
[2022-06-21T21:50:41.418] [INFO] infoFile - Connected to DB!
[2022-06-21T21:51:04.728] [INFO] infoFile - Connected to DB!
[2022-06-21T21:51:14.755] [INFO] infoFile - Connected to DB!
[2022-06-21T21:54:18.890] [INFO] infoFile - Connected to DB!
[2022-06-21T21:54:28.081] [INFO] infoFile - Connected to DB!
[2022-06-21T21:54:54.382] [INFO] infoFile - Connected to DB!
[2022-06-21T21:55:36.182] [INFO] infoFile - Connected to DB!
[2022-06-21T21:56:55.961] [INFO] infoFile - Connected to DB!
[2022-06-21T21:57:41.435] [INFO] infoFile - Connected to DB!
[2022-06-21T21:57:54.765] [INFO] infoFile - Connected to DB!
[2022-06-21T21:58:19.981] [INFO] infoFile - Connected to DB!
[2022-06-21T21:59:02.584] [INFO] infoFile - Connected to DB!
[2022-06-21T21:59:19.941] [INFO] infoFile - Connected to DB!
[2022-06-21T21:59:31.096] [INFO] infoFile - Connected to DB!
[2022-06-21T22:00:49.768] [INFO] infoFile - Connected to DB!
[2022-06-21T22:01:22.607] [INFO] infoFile - Connected to DB!
[2022-06-21T22:02:03.967] [INFO] infoFile - Connected to DB!
[2022-06-21T22:02:08.004] [INFO] infoFile - Connected to DB!
[2022-06-21T22:03:30.320] [INFO] infoFile - Connected to DB!
[2022-06-21T22:03:51.020] [INFO] infoFile - Connected to DB!
[2022-06-21T22:04:38.223] [INFO] infoFile - Connected to DB!
[2022-06-21T22:07:33.518] [INFO] infoFile - Connected to DB!
[2022-06-21T22:07:46.269] [INFO] infoFile - Connected to DB!
[2022-06-21T22:09:04.467] [INFO] infoFile - Connected to DB!
[2022-06-21T22:09:42.552] [INFO] infoFile - Connected to DB!
[2022-06-21T22:09:48.380] [INFO] infoFile - Connected to DB!
[2022-06-21T22:10:15.615] [INFO] infoFile - Connected to DB!
[2022-06-21T22:10:22.411] [INFO] infoFile - Connected to DB!
[2022-06-21T22:10:44.528] [INFO] infoFile - Connected to DB!
[2022-06-21T22:10:58.705] [INFO] infoFile - Connected to DB!
[2022-06-21T22:11:21.245] [INFO] infoFile - Connected to DB!
[2022-06-21T22:15:51.062] [INFO] infoFile - Connected to DB!
[2022-06-21T22:16:19.300] [INFO] infoFile - Connected to DB!
[2022-06-21T22:17:54.881] [INFO] infoFile - Connected to DB!
[2022-06-21T22:18:10.061] [INFO] infoFile - Connected to DB!
[2022-06-21T22:18:33.707] [INFO] infoFile - Connected to DB!
[2022-06-21T22:18:50.478] [INFO] infoFile - Connected to DB!
[2022-06-21T22:18:55.355] [INFO] infoFile - Connected to DB!
[2022-06-21T22:19:06.797] [INFO] infoFile - Connected to DB!
[2022-06-21T22:19:09.955] [INFO] infoFile - Connected to DB!
[2022-06-21T22:19:49.996] [INFO] infoFile - Connected to DB!
[2022-06-21T22:19:58.431] [INFO] infoFile - Connected to DB!
[2022-06-26T19:04:25.698] [INFO] infoFile - Connected to DB!
[2022-06-26T19:14:20.445] [INFO] infoFile - Connected to DB!
[2022-06-26T19:16:18.832] [INFO] infoFile - Connected to DB!
[2022-06-26T19:16:41.389] [INFO] infoFile - Connected to DB!
[2022-06-26T19:16:58.008] [INFO] infoFile - Connected to DB!
[2022-06-26T19:17:08.481] [INFO] infoFile - Connected to DB!
[2022-06-26T19:17:37.437] [INFO] infoFile - Connected to DB!
[2022-06-26T19:17:50.623] [INFO] infoFile - Connected to DB!
[2022-06-26T19:17:53.663] [INFO] infoFile - Connected to DB!
[2022-06-26T19:19:22.802] [INFO] infoFile - Connected to DB!
[2022-06-26T19:19:37.199] [INFO] infoFile - Connected to DB!
[2022-06-26T19:19:47.876] [INFO] infoFile - Connected to DB!
[2022-06-26T19:20:01.199] [INFO] infoFile - Connected to DB!
[2022-06-26T19:21:00.933] [INFO] infoFile - Connected to DB!
[2022-06-26T19:22:11.632] [INFO] infoFile - Connected to DB!
[2022-06-26T19:22:36.571] [INFO] infoFile - Connected to DB!
[2022-06-26T19:25:00.386] [INFO] infoFile - Connected to DB!
[2022-06-26T19:27:07.755] [INFO] infoFile - Connected to DB!
[2022-06-26T19:27:18.453] [INFO] infoFile - Connected to DB!
[2022-06-26T19:27:26.558] [INFO] infoFile - Connected to DB!
[2022-06-26T19:27:45.883] [INFO] infoFile - Connected to DB!
[2022-06-26T19:27:57.709] [INFO] infoFile - Connected to DB!
[2022-06-26T19:28:42.993] [INFO] infoFile - Connected to DB!
[2022-06-26T19:29:10.803] [INFO] infoFile - Connected to DB!
[2022-06-26T19:29:25.392] [INFO] infoFile - Connected to DB!
[2022-06-26T19:29:59.827] [INFO] infoFile - Connected to DB!
[2022-06-26T19:30:15.292] [INFO] infoFile - Connected to DB!
[2022-06-26T19:32:27.558] [INFO] infoFile - Connected to DB!
[2022-06-26T19:35:28.947] [INFO] infoFile - Connected to DB!
[2022-06-26T19:36:08.414] [INFO] infoFile - Connected to DB!
[2022-06-26T19:36:22.885] [INFO] infoFile - Connected to DB!
[2022-06-26T19:36:30.990] [INFO] infoFile - Connected to DB!
[2022-06-26T19:36:35.300] [INFO] infoFile - Connected to DB!
[2022-06-26T19:40:01.056] [INFO] infoFile - Connected to DB!
[2022-06-26T19:40:54.789] [INFO] infoFile - Connected to DB!
[2022-06-26T19:43:00.184] [INFO] infoFile - Connected to DB!
[2022-06-26T19:45:06.958] [INFO] infoFile - Connected to DB!
[2022-06-26T19:45:33.106] [INFO] infoFile - Connected to DB!
[2022-06-26T19:50:23.357] [INFO] infoFile - Connected to DB!
[2022-06-26T19:51:18.479] [INFO] infoFile - Connected to DB!
[2022-06-26T19:51:23.789] [INFO] infoFile - Connected to DB!
[2022-06-26T20:03:24.369] [INFO] infoFile - Connected to DB!
[2022-06-26T20:07:55.084] [INFO] infoFile - Connected to DB!
[2022-06-26T20:46:38.245] [INFO] infoFile - Connected to DB!
[2022-06-26T21:15:24.431] [INFO] infoFile - Connected to DB!
[2022-06-26T21:23:26.705] [INFO] infoFile - Connected to DB!
[2022-06-26T21:43:16.095] [INFO] infoFile - Connected to DB!
[2022-06-26T22:10:45.539] [INFO] infoFile - Connected to DB!
[2022-06-26T22:14:31.091] [INFO] infoFile - Connected to DB!
[2022-06-26T22:16:14.458] [INFO] infoFile - Connected to DB!
[2022-06-26T22:16:45.488] [INFO] infoFile - Connected to DB!
[2022-06-26T22:17:22.851] [INFO] infoFile - Connected to DB!
[2022-06-26T22:17:54.131] [INFO] infoFile - Connected to DB!
[2022-06-26T22:18:05.917] [INFO] infoFile - Connected to DB!
[2022-06-26T22:18:32.234] [INFO] infoFile - Connected to DB!
[2022-06-26T22:18:44.749] [INFO] infoFile - Connected to DB!
[2022-06-26T22:18:59.646] [INFO] infoFile - Connected to DB!
[2022-06-26T22:19:15.579] [INFO] infoFile - Connected to DB!
[2022-06-26T22:19:51.907] [INFO] infoFile - Connected to DB!
[2022-06-26T22:20:09.403] [INFO] infoFile - Connected to DB!
[2022-06-26T22:23:53.291] [INFO] infoFile - Connected to DB!
[2022-06-26T22:24:04.480] [INFO] infoFile - Connected to DB!
[2022-06-26T22:24:17.062] [INFO] infoFile - Connected to DB!
[2022-06-26T22:25:25.783] [INFO] infoFile - Connected to DB!
[2022-06-26T22:25:53.818] [INFO] infoFile - Connected to DB!
[2022-06-26T22:26:37.223] [INFO] infoFile - Connected to DB!
[2022-06-26T22:32:00.555] [INFO] infoFile - Connected to DB!
[2022-06-26T22:32:33.163] [INFO] infoFile - Connected to DB!
[2022-06-26T22:33:03.535] [INFO] infoFile - Connected to DB!
[2022-06-26T22:36:35.824] [INFO] infoFile - Connected to DB!
[2022-06-27T21:25:31.469] [INFO] infoFile - Connected to DB!
[2022-06-27T21:25:38.626] [INFO] infoFile - Connected to DB!
[2022-06-27T21:26:40.319] [INFO] infoFile - Connected to DB!
[2022-06-27T21:27:04.618] [INFO] infoFile - Connected to DB!
[2022-06-27T21:31:51.372] [INFO] infoFile - Connected to DB!
[2022-06-27T21:32:31.525] [INFO] infoFile - Connected to DB!
[2022-06-29T14:23:23.688] [INFO] infoFile - Connected to DB!
[2022-06-29T14:26:00.500] [INFO] infoFile - Connected to DB!
[2022-06-29T15:49:06.237] [INFO] infoFile - Connected to DB!
[2022-06-29T15:50:59.578] [INFO] infoFile - User logued out!
[2022-06-29T15:58:09.097] [INFO] infoFile - Connected to DB!
[2022-06-29T15:59:05.829] [INFO] infoFile - User registration successful!
[2022-06-29T15:59:07.957] [INFO] infoFile - {
  accepted: [ 'atonomo.4s@gmail.com' ],
  rejected: [],
  envelopeTime: 606,
  messageTime: 615,
  messageSize: 951,
  response: '250 2.0.0 OK  1656529148 i16-20020a05683033f000b00616b835f5e7sm8320845otu.43 - gsmtp',
  envelope: { from: '', to: [ 'atonomo.4s@gmail.com' ] },
  messageId: '<5f9279ce-7802-9c23-990c-efd339311bba@GrandPC>'
}
[2022-06-29T16:12:15.679] [INFO] infoFile - Connected to DB!
[2022-06-29T16:12:18.366] [INFO] infoFile - Connected to DB!
[2022-06-29T16:12:39.385] [INFO] infoFile - Connected to DB!
[2022-06-29T16:13:08.091] [INFO] infoFile - Connected to DB!
[2022-06-29T16:15:33.973] [INFO] infoFile - Connected to DB!
[2022-06-29T16:18:04.391] [INFO] infoFile - Connected to DB!
[2022-06-29T16:19:08.731] [INFO] infoFile - Connected to DB!
[2022-06-29T16:24:43.067] [INFO] infoFile - Connected to DB!
[2022-06-29T16:25:24.305] [INFO] infoFile - Connected to DB!
[2022-06-29T16:31:55.272] [INFO] infoFile - Connected to DB!
[2022-06-29T16:32:37.073] [INFO] infoFile - Connected to DB!
[2022-06-29T16:32:56.765] [INFO] infoFile - Connected to DB!
[2022-06-29T16:34:14.913] [INFO] infoFile - Connected to DB!
[2022-06-29T16:35:16.490] [INFO] infoFile - Connected to DB!
[2022-06-29T16:35:26.287] [INFO] infoFile - Connected to DB!
[2022-06-29T16:39:54.459] [INFO] infoFile - Connected to DB!
[2022-06-29T16:41:09.559] [INFO] infoFile - Connected to DB!
[2022-06-29T16:42:08.126] [INFO] infoFile - Connected to DB!
[2022-06-29T16:42:30.154] [INFO] infoFile - Connected to DB!
[2022-06-29T16:43:21.782] [INFO] infoFile - Connected to DB!
[2022-06-29T16:43:48.613] [INFO] infoFile - Connected to DB!
[2022-06-29T16:44:31.128] [INFO] infoFile - Connected to DB!
[2022-06-29T16:44:59.258] [INFO] infoFile - Connected to DB!
[2022-06-29T16:47:08.812] [INFO] infoFile - Connected to DB!
[2022-06-29T16:47:22.643] [INFO] infoFile - Connected to DB!
[2022-06-29T16:47:30.785] [INFO] infoFile - Connected to DB!
[2022-06-29T16:47:40.489] [INFO] infoFile - Connected to DB!
[2022-06-29T16:47:48.001] [INFO] infoFile - Connected to DB!
[2022-06-29T16:57:40.077] [INFO] infoFile - Connected to DB!
[2022-06-29T16:57:40.547] [INFO] infoFile - User logued out!
[2022-06-29T16:58:38.812] [INFO] infoFile - Connected to DB!
[2022-06-29T16:58:39.437] [INFO] infoFile - User logued out!
[2022-06-29T16:58:59.249] [INFO] infoFile - Connected to DB!
[2022-06-29T16:59:47.833] [INFO] infoFile - Connected to DB!
[2022-06-29T16:59:49.401] [INFO] infoFile - User logued out!
[2022-06-29T17:02:14.631] [INFO] infoFile - Connected to DB!
[2022-06-29T17:02:32.339] [INFO] infoFile - Connected to DB!
[2022-06-29T17:02:50.633] [INFO] infoFile - Connected to DB!
[2022-06-29T17:03:06.851] [INFO] infoFile - Connected to DB!
[2022-06-29T17:03:36.059] [INFO] infoFile - Connected to DB!
[2022-06-29T17:03:53.399] [INFO] infoFile - Connected to DB!
[2022-06-29T17:05:45.146] [INFO] infoFile - Connected to DB!
[2022-06-29T17:06:59.390] [INFO] infoFile - Connected to DB!
[2022-06-29T17:07:09.420] [INFO] infoFile - Connected to DB!
[2022-06-29T17:07:14.216] [INFO] infoFile - Connected to DB!
[2022-06-29T17:08:19.774] [INFO] infoFile - Connected to DB!
[2022-06-29T17:08:39.669] [INFO] infoFile - Connected to DB!
[2022-06-29T17:08:47.435] [INFO] infoFile - Connected to DB!
[2022-06-29T17:09:21.980] [INFO] infoFile - Connected to DB!
[2022-06-29T17:09:43.192] [INFO] infoFile - Connected to DB!
[2022-06-29T17:12:03.243] [INFO] infoFile - Connected to DB!
[2022-06-29T17:12:18.668] [INFO] infoFile - Connected to DB!
[2022-06-29T17:12:42.242] [INFO] infoFile - Connected to DB!
[2022-06-29T17:13:38.293] [INFO] infoFile - Connected to DB!
[2022-06-29T17:14:21.368] [INFO] infoFile - Connected to DB!
[2022-06-29T17:26:34.709] [INFO] infoFile - Connected to DB!
[2022-06-29T17:26:40.321] [INFO] infoFile - User logued out!
