[2022-05-29T13:21:27.992] [WARN] warningFile - Route: /%60http://localhost:8080/uploads/avatar$%7Bdar@dar%7D.png%60. Method: GET
[2022-05-29T13:21:27.995] [WARN] warningFile - Route: /favicon.ico. Method: GET
[2022-05-29T13:21:29.203] [WARN] warningFile - Route: /favicon.ico. Method: GET
[2022-05-29T14:16:01.464] [WARN] warningFile - Route: /favicon.ico. Method: GET
[2022-05-29T14:25:31.124] [WARN] warningFile - Route: /favicon.ico. Method: GET
[2022-05-29T15:47:23.008] [WARN] warningFile - Route: /public/uploads/avatardar@dar.jpeg. Method: GET
[2022-05-29T15:47:36.024] [WARN] warningFile - Route: /public/uploads/avatardar@dar.png. Method: GET
[2022-05-29T15:53:38.075] [WARN] warningFile - Route: /public/uploads/avatardar@dar.png. Method: GET
[2022-05-29T15:53:45.438] [WARN] warningFile - Route: /home/css/estilos.css. Method: GET
[2022-05-29T15:53:45.657] [WARN] warningFile - Route: /home/js/main.js. Method: GET
[2022-05-29T15:55:16.069] [WARN] warningFile - Route: /home/css/estilos.css. Method: GET
[2022-05-29T15:55:16.283] [WARN] warningFile - Route: /home/js/main.js. Method: GET
[2022-05-29T18:13:46.998] [WARN] warningFile - Route: /favicon.ico. Method: GET
[2022-05-29T18:53:55.453] [WARN] warningFile - Route: /favicon.ico. Method: GET
[2022-05-29T20:41:10.818] [WARN] warningFile - Route: /cart. Method: GET
[2022-05-29T20:43:46.025] [WARN] warningFile - Route: /cart. Method: GET
[2022-05-29T21:00:35.021] [WARN] warningFile - Route: /cart. Method: GET
[2022-05-29T21:03:16.922] [WARN] warningFile - Route: /cart. Method: GET
[2022-05-29T21:06:35.055] [WARN] warningFile - Route: /cart. Method: GET
[2022-05-29T21:07:46.431] [WARN] warningFile - Route: /cart. Method: GET
[2022-05-29T21:11:31.819] [WARN] warningFile - Route: /cart. Method: GET
[2022-05-29T21:11:57.389] [WARN] warningFile - Route: /cart. Method: GET
[2022-06-05T12:27:41.587] [WARN] warningFile - Route: /favicon.ico. Method: GET
[2022-06-05T12:37:24.767] [WARN] warningFile - Route: /favicon.ico. Method: GET
[2022-06-05T12:37:26.460] [WARN] warningFile - Route: /favicon.ico. Method: GET
[2022-06-05T12:43:25.200] [WARN] warningFile - Route: /favicon.ico. Method: GET
[2022-06-05T13:02:42.518] [WARN] warningFile - Route: /buy?success=true. Method: GET
[2022-06-05T14:21:26.403] [WARN] warningFile - Route: /favicon.ico. Method: GET
[2022-06-05T14:21:53.056] [WARN] warningFile - Route: /favicon.ico. Method: GET
[2022-06-05T14:25:49.939] [WARN] warningFile - Route: /alt=%22not. Method: GET
[2022-06-05T14:25:52.933] [WARN] warningFile - Route: /alt=%22not. Method: GET
[2022-06-05T14:25:54.273] [WARN] warningFile - Route: /alt=%22not. Method: GET
[2022-06-05T14:25:55.195] [WARN] warningFile - Route: /alt=%22not. Method: GET
[2022-06-05T14:25:58.145] [WARN] warningFile - Route: /alt=%22not. Method: GET
[2022-06-05T14:26:19.977] [WARN] warningFile - Route: /alt=%22not. Method: GET
[2022-06-05T14:26:20.675] [WARN] warningFile - Route: /alt=%22not. Method: GET
[2022-06-05T14:26:21.321] [WARN] warningFile - Route: /alt=%22not. Method: GET
[2022-06-05T14:26:21.957] [WARN] warningFile - Route: /alt=%22not. Method: GET
[2022-06-05T14:26:43.851] [WARN] warningFile - Route: /alt=%22not. Method: GET
[2022-06-05T14:27:12.210] [WARN] warningFile - Route: /alt=%22not. Method: GET
[2022-06-05T14:27:16.979] [WARN] warningFile - Route: /alt=%22not. Method: GET
[2022-06-05T14:27:19.753] [WARN] warningFile - Route: /alt=%22not. Method: GET
[2022-06-05T14:27:21.001] [WARN] warningFile - Route: /alt=%22not. Method: GET
[2022-06-05T14:27:23.275] [WARN] warningFile - Route: /alt=%22not. Method: GET
[2022-06-05T14:27:24.583] [WARN] warningFile - Route: /alt=%22not. Method: GET
[2022-06-05T14:28:08.254] [WARN] warningFile - Route: /alt=%22not. Method: GET
[2022-06-05T14:28:11.670] [WARN] warningFile - Route: /alt=%22not. Method: GET
[2022-06-05T14:34:07.231] [WARN] warningFile - Route: /alt=%22not. Method: GET
[2022-06-05T14:34:22.205] [WARN] warningFile - Route: /alt=%22not. Method: GET
[2022-06-05T14:34:26.152] [WARN] warningFile - Route: /alt=%22not. Method: GET
[2022-06-05T14:34:57.603] [WARN] warningFile - Route: /alt=%22not. Method: GET
[2022-06-05T14:34:58.798] [WARN] warningFile - Route: /alt=%22not. Method: GET
[2022-06-05T14:35:01.380] [WARN] warningFile - Route: /alt=%22not. Method: GET
[2022-06-05T14:37:42.564] [WARN] warningFile - Route: /alt=%22not. Method: GET
[2022-06-05T14:37:50.611] [WARN] warningFile - Route: /alt=%22not. Method: GET
[2022-06-05T14:42:23.394] [WARN] warningFile - Route: /alt=%22not. Method: GET
[2022-06-05T14:42:39.804] [WARN] warningFile - Route: /alt=%22not. Method: GET
[2022-06-05T14:42:47.232] [WARN] warningFile - Route: /alt=%22not. Method: GET
[2022-06-05T14:43:13.281] [WARN] warningFile - Route: /alt=%22not. Method: GET
[2022-06-05T14:43:25.008] [WARN] warningFile - Route: /alt=%22not. Method: GET
[2022-06-05T14:45:58.936] [WARN] warningFile - Route: /alt=%22not. Method: GET
[2022-06-05T14:46:04.676] [WARN] warningFile - Route: /alt=%22not. Method: GET
[2022-06-05T14:47:03.990] [WARN] warningFile - Route: /alt=%22not. Method: GET
[2022-06-05T14:47:11.719] [WARN] warningFile - Route: /alt=%22not. Method: GET
[2022-06-05T14:48:31.216] [WARN] warningFile - Route: /alt=%22not. Method: GET
[2022-06-05T14:48:49.896] [WARN] warningFile - Route: /alt=%22not. Method: GET
[2022-06-05T14:56:19.863] [WARN] warningFile - Route: /alt=%22not. Method: GET
[2022-06-05T14:56:46.541] [WARN] warningFile - Route: /alt=%22not. Method: GET
[2022-06-05T14:58:23.585] [WARN] warningFile - Route: /alt=%22not. Method: GET
[2022-06-05T14:58:54.876] [WARN] warningFile - Route: /alt=%22not. Method: GET
[2022-06-05T14:58:57.584] [WARN] warningFile - Route: /alt=%22not. Method: GET
[2022-06-05T14:59:06.763] [WARN] warningFile - Route: /alt=%22not. Method: GET
[2022-06-05T14:59:16.377] [WARN] warningFile - Route: /alt=%22not. Method: GET
[2022-06-05T15:01:29.816] [WARN] warningFile - Route: /alt=%22not. Method: GET
[2022-06-05T15:01:35.784] [WARN] warningFile - Route: /alt=%22not. Method: GET
[2022-06-05T15:02:26.971] [WARN] warningFile - Route: /alt=%22not. Method: GET
[2022-06-05T15:02:33.994] [WARN] warningFile - Route: /alt=%22not. Method: GET
[2022-06-05T15:02:44.671] [WARN] warningFile - Route: /alt=%22not. Method: GET
[2022-06-05T15:02:55.396] [WARN] warningFile - Route: /alt=%22not. Method: GET
[2022-06-05T15:03:00.336] [WARN] warningFile - Route: /alt=%22not. Method: GET
[2022-06-05T15:03:25.683] [WARN] warningFile - Route: /alt=%22not. Method: GET
[2022-06-05T15:03:57.125] [WARN] warningFile - Route: /alt=%22not. Method: GET
[2022-06-05T15:04:07.901] [WARN] warningFile - Route: /alt=%22not. Method: GET
[2022-06-05T15:04:09.203] [WARN] warningFile - Route: /alt=%22not. Method: GET
[2022-06-05T15:04:10.121] [WARN] warningFile - Route: /alt=%22not. Method: GET
[2022-06-05T15:04:10.943] [WARN] warningFile - Route: /alt=%22not. Method: GET
[2022-06-05T15:04:15.495] [WARN] warningFile - Route: /alt=%22not. Method: GET
[2022-06-05T15:04:17.018] [WARN] warningFile - Route: /alt=%22not. Method: GET
[2022-06-05T15:04:17.895] [WARN] warningFile - Route: /alt=%22not. Method: GET
[2022-06-05T15:04:18.695] [WARN] warningFile - Route: /alt=%22not. Method: GET
[2022-06-05T15:04:24.300] [WARN] warningFile - Route: /alt=%22not. Method: GET
[2022-06-05T15:04:31.987] [WARN] warningFile - Route: /alt=%22not. Method: GET
[2022-06-05T15:19:50.944] [WARN] warningFile - Route: /alt=%22not. Method: GET
[2022-06-05T15:20:27.215] [WARN] warningFile - Route: /alt=%22not. Method: GET
[2022-06-05T15:25:23.356] [WARN] warningFile - Route: /alt=%22not. Method: GET
[2022-06-05T15:25:38.596] [WARN] warningFile - Route: /alt=%22not. Method: GET
[2022-06-05T15:31:42.238] [WARN] warningFile - Route: /alt=%22not. Method: GET
[2022-06-05T15:33:24.148] [WARN] warningFile - Route: /alt=%22not. Method: GET
[2022-06-05T15:33:38.608] [WARN] warningFile - Route: /alt=%22not. Method: GET
[2022-06-05T15:36:47.316] [WARN] warningFile - Route: /alt=%22not. Method: GET
[2022-06-05T15:41:04.917] [WARN] warningFile - Route: /alt=%22not. Method: GET
[2022-06-05T15:41:54.522] [WARN] warningFile - Route: /favicon.ico. Method: GET
[2022-06-05T15:48:22.752] [WARN] warningFile - Route: /alt=%22not. Method: GET
[2022-06-05T15:48:24.679] [WARN] warningFile - Route: /alt=%22not. Method: GET
[2022-06-05T15:48:26.018] [WARN] warningFile - Route: /alt=%22not. Method: GET
[2022-06-05T15:48:26.998] [WARN] warningFile - Route: /alt=%22not. Method: GET
[2022-06-05T15:48:27.759] [WARN] warningFile - Route: /alt=%22not. Method: GET
[2022-06-05T15:48:30.028] [WARN] warningFile - Route: /alt=%22not. Method: GET
[2022-06-05T15:48:31.736] [WARN] warningFile - Route: /alt=%22not. Method: GET
[2022-06-05T15:48:40.196] [WARN] warningFile - Route: /alt=%22not. Method: GET
[2022-06-05T15:48:43.957] [WARN] warningFile - Route: /alt=%22not. Method: GET
[2022-06-05T15:48:45.197] [WARN] warningFile - Route: /alt=%22not. Method: GET
[2022-06-05T15:48:48.310] [WARN] warningFile - Route: /alt=%22not. Method: GET
[2022-06-05T15:49:57.330] [WARN] warningFile - Route: /alt=%22not. Method: GET
[2022-06-05T15:49:58.635] [WARN] warningFile - Route: /alt=%22not. Method: GET
[2022-06-05T15:49:59.655] [WARN] warningFile - Route: /alt=%22not. Method: GET
[2022-06-05T15:50:00.805] [WARN] warningFile - Route: /alt=%22not. Method: GET
[2022-06-05T15:50:02.017] [WARN] warningFile - Route: /alt=%22not. Method: GET
[2022-06-05T15:50:07.195] [WARN] warningFile - Route: /alt=%22not. Method: GET
[2022-06-05T15:53:42.399] [WARN] warningFile - Route: /alt=%22not. Method: GET
[2022-06-05T15:55:31.751] [WARN] warningFile - Route: /alt=%22not. Method: GET
[2022-06-05T15:55:58.647] [WARN] warningFile - Route: /alt=%22not. Method: GET
[2022-06-05T16:01:08.531] [WARN] warningFile - Route: /alt=%22not. Method: GET
[2022-06-05T16:01:50.029] [WARN] warningFile - Route: /alt=%22not. Method: GET
[2022-06-05T16:01:50.514] [WARN] warningFile - Route: /alt=%22not. Method: GET
[2022-06-05T16:02:28.084] [WARN] warningFile - Route: /alt=%22not. Method: GET
[2022-06-05T16:02:42.584] [WARN] warningFile - Route: /alt=%22not. Method: GET
[2022-06-05T16:02:46.488] [WARN] warningFile - Route: /alt=%22not. Method: GET
[2022-06-05T16:02:47.374] [WARN] warningFile - Route: /alt=%22not. Method: GET
[2022-06-05T16:02:48.156] [WARN] warningFile - Route: /alt=%22not. Method: GET
[2022-06-05T16:02:48.898] [WARN] warningFile - Route: /alt=%22not. Method: GET
[2022-06-05T16:02:55.848] [WARN] warningFile - Route: /alt=%22not. Method: GET
[2022-06-05T16:06:19.158] [WARN] warningFile - Route: /alt=%22not. Method: GET
[2022-06-05T16:06:21.006] [WARN] warningFile - Route: /alt=%22not. Method: GET
[2022-06-05T16:06:21.904] [WARN] warningFile - Route: /alt=%22not. Method: GET
[2022-06-05T16:06:23.273] [WARN] warningFile - Route: /alt=%22not. Method: GET
[2022-06-05T16:06:23.968] [WARN] warningFile - Route: /alt=%22not. Method: GET
[2022-06-05T16:06:24.568] [WARN] warningFile - Route: /alt=%22not. Method: GET
[2022-06-05T16:06:26.239] [WARN] warningFile - Route: /alt=%22not. Method: GET
[2022-06-05T16:06:27.838] [WARN] warningFile - Route: /alt=%22not. Method: GET
[2022-06-05T16:06:30.442] [WARN] warningFile - Route: /alt=%22not. Method: GET
[2022-06-05T16:06:52.132] [WARN] warningFile - Route: /alt=%22not. Method: GET
[2022-06-05T16:07:11.105] [WARN] warningFile - Route: /alt=%22not. Method: GET
[2022-06-05T16:07:13.579] [WARN] warningFile - Route: /alt=%22not. Method: GET
[2022-06-05T16:07:27.690] [WARN] warningFile - Route: /alt=%22not. Method: GET
[2022-06-05T16:07:29.378] [WARN] warningFile - Route: /alt=%22not. Method: GET
[2022-06-05T16:07:35.428] [WARN] warningFile - Route: /alt=%22not. Method: GET
[2022-06-05T16:08:39.415] [WARN] warningFile - Route: /alt=%22not. Method: GET
[2022-06-05T16:08:41.297] [WARN] warningFile - Route: /alt=%22not. Method: GET
[2022-06-05T16:08:42.211] [WARN] warningFile - Route: /alt=%22not. Method: GET
[2022-06-05T16:08:47.963] [WARN] warningFile - Route: /alt=%22not. Method: GET
[2022-06-05T16:12:21.146] [WARN] warningFile - Route: /alt=%22not. Method: GET
[2022-06-05T16:12:22.748] [WARN] warningFile - Route: /alt=%22not. Method: GET
[2022-06-05T16:12:23.624] [WARN] warningFile - Route: /alt=%22not. Method: GET
[2022-06-05T16:12:29.617] [WARN] warningFile - Route: /alt=%22not. Method: GET
[2022-06-05T16:16:07.668] [WARN] warningFile - Route: /alt=%22not. Method: GET
[2022-06-05T16:16:09.168] [WARN] warningFile - Route: /alt=%22not. Method: GET
[2022-06-05T16:16:15.954] [WARN] warningFile - Route: /alt=%22not. Method: GET
[2022-06-05T16:17:54.025] [WARN] warningFile - Route: /alt=%22not. Method: GET
[2022-06-05T16:17:55.337] [WARN] warningFile - Route: /alt=%22not. Method: GET
[2022-06-05T16:18:01.801] [WARN] warningFile - Route: /alt=%22not. Method: GET
[2022-06-05T16:22:25.568] [WARN] warningFile - Route: /alt=%22not. Method: GET
[2022-06-05T16:22:36.378] [WARN] warningFile - Route: /alt=%22not. Method: GET
[2022-06-05T16:22:38.172] [WARN] warningFile - Route: /alt=%22not. Method: GET
[2022-06-05T16:22:45.361] [WARN] warningFile - Route: /alt=%22not. Method: GET
[2022-06-05T16:26:05.324] [WARN] warningFile - Route: /alt=%22not. Method: GET
[2022-06-05T16:26:18.233] [WARN] warningFile - Route: /alt=%22not. Method: GET
[2022-06-05T16:26:19.279] [WARN] warningFile - Route: /alt=%22not. Method: GET
[2022-06-05T16:26:26.883] [WARN] warningFile - Route: /alt=%22not. Method: GET
[2022-06-05T16:28:54.967] [WARN] warningFile - Route: /alt=%22not. Method: GET
[2022-06-05T16:29:07.614] [WARN] warningFile - Route: /alt=%22not. Method: GET
[2022-06-05T16:29:09.696] [WARN] warningFile - Route: /alt=%22not. Method: GET
[2022-06-05T16:29:17.833] [WARN] warningFile - Route: /alt=%22not. Method: GET
[2022-06-05T16:31:52.982] [WARN] warningFile - Route: /alt=%22not. Method: GET
[2022-06-05T16:32:03.435] [WARN] warningFile - Route: /alt=%22not. Method: GET
[2022-06-05T16:32:04.996] [WARN] warningFile - Route: /alt=%22not. Method: GET
[2022-06-05T16:32:13.317] [WARN] warningFile - Route: /alt=%22not. Method: GET
[2022-06-05T16:37:40.238] [WARN] warningFile - Route: /alt=%22not. Method: GET
[2022-06-05T16:37:52.512] [WARN] warningFile - Route: /alt=%22not. Method: GET
[2022-06-05T16:37:53.978] [WARN] warningFile - Route: /alt=%22not. Method: GET
[2022-06-05T16:38:00.466] [WARN] warningFile - Route: /alt=%22not. Method: GET
[2022-06-05T16:40:42.681] [WARN] warningFile - Route: /alt=%22not. Method: GET
[2022-06-05T16:40:43.962] [WARN] warningFile - Route: /alt=%22not. Method: GET
[2022-06-05T16:40:51.509] [WARN] warningFile - Route: /alt=%22not. Method: GET
[2022-06-05T16:48:54.904] [WARN] warningFile - Route: /alt=%22not. Method: GET
[2022-06-05T16:49:06.653] [WARN] warningFile - Route: /alt=%22not. Method: GET
[2022-06-05T16:49:08.453] [WARN] warningFile - Route: /alt=%22not. Method: GET
[2022-06-05T16:49:09.364] [WARN] warningFile - Route: /alt=%22not. Method: GET
[2022-06-05T16:49:10.131] [WARN] warningFile - Route: /alt=%22not. Method: GET
[2022-06-05T16:49:17.255] [WARN] warningFile - Route: /alt=%22not. Method: GET
[2022-06-05T16:50:00.335] [WARN] warningFile - Route: /alt=%22not. Method: GET
[2022-06-05T16:50:10.463] [WARN] warningFile - Route: /alt=%22not. Method: GET
[2022-06-05T16:50:11.769] [WARN] warningFile - Route: /alt=%22not. Method: GET
[2022-06-05T16:50:19.116] [WARN] warningFile - Route: /alt=%22not. Method: GET
[2022-06-05T16:51:21.049] [WARN] warningFile - Route: /alt=%22not. Method: GET
[2022-06-05T16:51:31.184] [WARN] warningFile - Route: /alt=%22not. Method: GET
[2022-06-05T16:51:32.475] [WARN] warningFile - Route: /alt=%22not. Method: GET
[2022-06-05T16:51:39.723] [WARN] warningFile - Route: /alt=%22not. Method: GET
[2022-06-05T16:53:58.243] [WARN] warningFile - Route: /alt=%22not. Method: GET
[2022-06-05T16:54:10.662] [WARN] warningFile - Route: /alt=%22not. Method: GET
[2022-06-05T16:54:11.754] [WARN] warningFile - Route: /alt=%22not. Method: GET
[2022-06-05T16:54:18.672] [WARN] warningFile - Route: /alt=%22not. Method: GET
[2022-06-05T16:55:33.836] [WARN] warningFile - Route: /alt=%22not. Method: GET
[2022-06-05T16:55:45.586] [WARN] warningFile - Route: /alt=%22not. Method: GET
[2022-06-05T16:55:47.018] [WARN] warningFile - Route: /alt=%22not. Method: GET
[2022-06-05T16:55:54.859] [WARN] warningFile - Route: /alt=%22not. Method: GET
[2022-06-05T16:56:28.810] [WARN] warningFile - Route: /alt=%22not. Method: GET
[2022-06-05T16:56:34.676] [WARN] warningFile - Route: /alt=%22not. Method: GET
[2022-06-05T16:56:43.549] [WARN] warningFile - Route: /alt=%22not. Method: GET
[2022-06-05T16:56:51.202] [WARN] warningFile - Route: /alt=%22not. Method: GET
[2022-06-05T16:56:52.553] [WARN] warningFile - Route: /alt=%22not. Method: GET
[2022-06-05T16:56:59.222] [WARN] warningFile - Route: /alt=%22not. Method: GET
[2022-06-06T19:32:19.985] [WARN] warningFile - Route: /favicon.ico. Method: GET
[2022-06-06T19:32:24.071] [WARN] warningFile - Route: /alt=%22not. Method: GET
[2022-06-06T19:32:27.106] [WARN] warningFile - Route: /alt=%22not. Method: GET
[2022-06-06T19:32:28.324] [WARN] warningFile - Route: /alt=%22not. Method: GET
[2022-06-06T19:32:29.139] [WARN] warningFile - Route: /alt=%22not. Method: GET
[2022-06-06T19:32:58.542] [WARN] warningFile - Route: /alt=%22not. Method: GET
[2022-06-06T19:39:12.885] [WARN] warningFile - Route: /alt=%22not. Method: GET
[2022-06-06T19:39:14.719] [WARN] warningFile - Route: /alt=%22not. Method: GET
[2022-06-06T19:39:15.537] [WARN] warningFile - Route: /alt=%22not. Method: GET
[2022-06-06T19:39:16.597] [WARN] warningFile - Route: /alt=%22not. Method: GET
[2022-06-06T19:39:18.318] [WARN] warningFile - Route: /alt=%22not. Method: GET
[2022-06-06T19:39:36.098] [WARN] warningFile - Route: /alt=%22not. Method: GET
[2022-06-06T19:39:37.335] [WARN] warningFile - Route: /alt=%22not. Method: GET
[2022-06-06T19:39:38.160] [WARN] warningFile - Route: /alt=%22not. Method: GET
[2022-06-06T19:39:38.880] [WARN] warningFile - Route: /alt=%22not. Method: GET
[2022-06-06T19:39:45.134] [WARN] warningFile - Route: /alt=%22not. Method: GET
[2022-06-06T19:40:34.841] [WARN] warningFile - Route: /alt=%22not. Method: GET
[2022-06-06T19:40:39.719] [WARN] warningFile - Route: /alt=%22not. Method: GET
[2022-06-06T19:40:40.585] [WARN] warningFile - Route: /alt=%22not. Method: GET
[2022-06-06T19:40:41.355] [WARN] warningFile - Route: /alt=%22not. Method: GET
[2022-06-06T19:40:47.405] [WARN] warningFile - Route: /alt=%22not. Method: GET
[2022-06-06T19:44:52.952] [WARN] warningFile - Route: /alt=%22not. Method: GET
[2022-06-06T19:44:54.365] [WARN] warningFile - Route: /alt=%22not. Method: GET
[2022-06-06T19:44:55.236] [WARN] warningFile - Route: /alt=%22not. Method: GET
[2022-06-06T19:44:56.085] [WARN] warningFile - Route: /alt=%22not. Method: GET
[2022-06-06T19:45:02.651] [WARN] warningFile - Route: /alt=%22not. Method: GET
[2022-06-06T19:45:29.492] [WARN] warningFile - Route: /alt=%22not. Method: GET
[2022-06-06T19:45:34.098] [WARN] warningFile - Route: /alt=%22not. Method: GET
[2022-06-06T19:45:56.392] [WARN] warningFile - Route: /alt=%22not. Method: GET
[2022-06-06T19:45:58.531] [WARN] warningFile - Route: /alt=%22not. Method: GET
[2022-06-06T19:45:59.228] [WARN] warningFile - Route: /alt=%22not. Method: GET
[2022-06-06T19:46:05.416] [WARN] warningFile - Route: /alt=%22not. Method: GET
[2022-06-06T19:47:18.777] [WARN] warningFile - Route: /alt=%22not. Method: GET
[2022-06-06T19:47:26.002] [WARN] warningFile - Route: /alt=%22not. Method: GET
[2022-06-06T19:47:27.480] [WARN] warningFile - Route: /alt=%22not. Method: GET
[2022-06-06T19:47:33.488] [WARN] warningFile - Route: /alt=%22not. Method: GET
[2022-06-06T19:48:12.718] [WARN] warningFile - Route: /alt=%22not. Method: GET
[2022-06-06T19:48:17.213] [WARN] warningFile - Route: /alt=%22not. Method: GET
[2022-06-06T19:48:37.712] [WARN] warningFile - Route: /alt=%22not. Method: GET
[2022-06-06T19:48:39.541] [WARN] warningFile - Route: /alt=%22not. Method: GET
[2022-06-06T19:48:40.374] [WARN] warningFile - Route: /alt=%22not. Method: GET
[2022-06-06T19:48:41.183] [WARN] warningFile - Route: /alt=%22not. Method: GET
[2022-06-06T19:48:47.995] [WARN] warningFile - Route: /alt=%22not. Method: GET
[2022-06-06T19:53:55.058] [WARN] warningFile - Route: /alt=%22not. Method: GET
[2022-06-06T19:53:56.936] [WARN] warningFile - Route: /alt=%22not. Method: GET
[2022-06-06T19:53:58.324] [WARN] warningFile - Route: /alt=%22not. Method: GET
[2022-06-06T19:54:06.501] [WARN] warningFile - Route: /alt=%22not. Method: GET
